<?xml version="1.0" encoding="UTF-8"?>
<!-- Generated by org.testng.reporters.JUnitReportReporter -->
<testsuite hostname="LM2G2MD6M" failures="0" tests="1" name="testcases.HomeTest" time="2.612" errors="0" timestamp="11 Sept 2022 07:01:44 GMT" skipped="0">
  <testcase classname="testcases.HomeTest" name="TestAddToCart" time="2.612"/>
</testsuite> <!-- testcases.HomeTest -->
