<?xml version="1.0" encoding="UTF-8"?>
<!-- Generated by org.testng.reporters.JUnitReportReporter -->
<testsuite hostname="LM2G2MD6M" failures="0" tests="2" name="testcases.LoginTest" time="7.408" errors="0" timestamp="11 Sept 2022 07:06:27 GMT" skipped="0">
  <testcase classname="testcases.LoginTest" name="Test2" time="3.114"/>
  <testcase classname="testcases.LoginTest" name="Test1" time="4.294"/>
</testsuite> <!-- testcases.LoginTest -->
